# JRE version: Java(TM) SE Runtime Environment (8.0_77-b03) (build 1.8.0_77-b03)
# Java VM: Java HotSpot(TM) 64-Bit Server VM (25.77-b03 mixed mode linux-amd64 compressed oops)
Heap:
 PSYoungGen      total 287232K, used 16262K [0x00000000eab00000, 0x0000000100000000, 0x0000000100000000)
  eden space 248832K, 0% used [0x00000000eab00000,0x00000000eab00000,0x00000000f9e00000)
  from space 38400K, 42% used [0x00000000f9e00000,0x00000000fade1ab8,0x00000000fc380000)
  to   space 61952K, 0% used [0x00000000fc380000,0x00000000fc380000,0x0000000100000000)
 ParOldGen       total 215552K, used 215476K [0x00000000c0000000, 0x00000000cd280000, 0x00000000eab00000)
  object space 215552K, 99% used [0x00000000c0000000,0x00000000cd26d038,0x00000000cd280000)
 Metaspace       used 6438K, capacity 7256K, committed 7424K, reserved 1056768K
  class space    used 613K, capacity 656K, committed 768K, reserved 1048576K
GC Heap History (10 events):
Event: 13.290 GC heap after
Heap after GC invocations=6 (full 0):
 PSYoungGen      total 282112K, used 28155K [0x00000000eab00000, 0x00000000fee00000, 0x0000000100000000)
  eden space 248832K, 0% used [0x00000000eab00000,0x00000000eab00000,0x00000000f9e00000)
  from space 33280K, 84% used [0x00000000fc380000,0x00000000fdefec50,0x00000000fe400000)
  to   space 38400K, 0% used [0x00000000f9e00000,0x00000000f9e00000,0x00000000fc380000)
 ParOldGen       total 84992K, used 48107K [0x00000000c0000000, 0x00000000c5300000, 0x00000000eab00000)
  object space 84992K, 56% used [0x00000000c0000000,0x00000000c2efaf50,0x00000000c5300000)
 Metaspace       used 6422K, capacity 7256K, committed 7424K, reserved 1056768K
  class space    used 612K, capacity 656K, committed 768K, reserved 1048576K
}
Event: 15.153 GC heap before
{Heap before GC invocations=7 (full 0):
 PSYoungGen      total 282112K, used 276987K [0x00000000eab00000, 0x00000000fee00000, 0x0000000100000000)
  eden space 248832K, 100% used [0x00000000eab00000,0x00000000f9e00000,0x00000000f9e00000)
  from space 33280K, 84% used [0x00000000fc380000,0x00000000fdefec50,0x00000000fe400000)
  to   space 38400K, 0% used [0x00000000f9e00000,0x00000000f9e00000,0x00000000fc380000)
 ParOldGen       total 84992K, used 48107K [0x00000000c0000000, 0x00000000c5300000, 0x00000000eab00000)
  object space 84992K, 56% used [0x00000000c0000000,0x00000000c2efaf50,0x00000000c5300000)
 Metaspace       used 6436K, capacity 7256K, committed 7424K, reserved 1056768K
  class space    used 613K, capacity 656K, committed 768K, reserved 1048576K
Event: 23.115 GC heap after
Heap after GC invocations=7 (full 0):
 PSYoungGen      total 282112K, used 276987K [0x00000000eab00000, 0x00000000fee00000, 0x0000000100000000)
  eden space 248832K, 100% used [0x00000000eab00000,0x00000000f9e00000,0x00000000f9e00000)
  from space 33280K, 84% used [0x00000000fc380000,0x00000000fdefec50,0x00000000fe400000)
  to   space 38400K, 99% used [0x00000000f9e00000,0x00000000fc37b4b8,0x00000000fc380000)
 ParOldGen       total 151552K, used 151073K [0x00000000c0000000, 0x00000000c9400000, 0x00000000eab00000)
  object space 151552K, 99% used [0x00000000c0000000,0x00000000c9388700,0x00000000c9400000)
 Metaspace       used 6436K, capacity 7256K, committed 7424K, reserved 1056768K
  class space    used 613K, capacity 656K, committed 768K, reserved 1048576K
}
Event: 23.115 GC heap before
{Heap before GC invocations=8 (full 1):
 PSYoungGen      total 282112K, used 276987K [0x00000000eab00000, 0x00000000fee00000, 0x0000000100000000)
  eden space 248832K, 100% used [0x00000000eab00000,0x00000000f9e00000,0x00000000f9e00000)
  from space 33280K, 84% used [0x00000000fc380000,0x00000000fdefec50,0x00000000fe400000)
  to   space 38400K, 99% used [0x00000000f9e00000,0x00000000fc37b4b8,0x00000000fc380000)
 ParOldGen       total 151552K, used 151073K [0x00000000c0000000, 0x00000000c9400000, 0x00000000eab00000)
  object space 151552K, 99% used [0x00000000c0000000,0x00000000c9388700,0x00000000c9400000)
 Metaspace       used 6436K, capacity 7256K, committed 7424K, reserved 1056768K
  class space    used 613K, capacity 656K, committed 768K, reserved 1048576K
Event: 24.188 GC heap after
Heap after GC invocations=8 (full 1):
 PSYoungGen      total 282112K, used 0K [0x00000000eab00000, 0x00000000fee00000, 0x0000000100000000)
  eden space 248832K, 0% used [0x00000000eab00000,0x00000000eab00000,0x00000000f9e00000)
  from space 33280K, 0% used [0x00000000fc380000,0x00000000fc380000,0x00000000fe400000)
  to   space 38400K, 91% used [0x00000000f9e00000,0x00000000fc066300,0x00000000fc380000)
 ParOldGen       total 215040K, used 151395K [0x00000000c0000000, 0x00000000cd200000, 0x00000000eab00000)
  object space 215040K, 70% used [0x00000000c0000000,0x00000000c93d8df0,0x00000000cd200000)
 Metaspace       used 6436K, capacity 7256K, committed 7424K, reserved 1056768K
  class space    used 613K, capacity 656K, committed 768K, reserved 1048576K
}
Event: 25.399 GC heap before
{Heap before GC invocations=9 (full 2):
 PSYoungGen      total 282112K, used 248832K [0x00000000eab00000, 0x00000000fee00000, 0x0000000100000000)
  eden space 248832K, 100% used [0x00000000eab00000,0x00000000f9e00000,0x00000000f9e00000)
  from space 33280K, 0% used [0x00000000fc380000,0x00000000fc380000,0x00000000fe400000)
  to   space 38400K, 91% used [0x00000000f9e00000,0x00000000fc066300,0x00000000fc380000)
 ParOldGen       total 215040K, used 151395K [0x00000000c0000000, 0x00000000cd200000, 0x00000000eab00000)
  object space 215040K, 70% used [0x00000000c0000000,0x00000000c93d8df0,0x00000000cd200000)
 Metaspace       used 6438K, capacity 7256K, committed 7424K, reserved 1056768K
  class space    used 613K, capacity 656K, committed 768K, reserved 1048576K
Event: 26.208 GC heap after
Heap after GC invocations=9 (full 2):
 PSYoungGen      total 282112K, used 0K [0x00000000eab00000, 0x00000000fee00000, 0x0000000100000000)
  eden space 248832K, 0% used [0x00000000eab00000,0x00000000eab00000,0x00000000f9e00000)
  from space 33280K, 0% used [0x00000000fc380000,0x00000000fc380000,0x00000000fe400000)
  to   space 38400K, 0% used [0x00000000f9e00000,0x00000000f9e00000,0x00000000fc380000)
 ParOldGen       total 180736K, used 99602K [0x00000000c0000000, 0x00000000cb080000, 0x00000000eab00000)
  object space 180736K, 55% used [0x00000000c0000000,0x00000000c61449b0,0x00000000cb080000)
 Metaspace       used 6438K, capacity 7256K, committed 7424K, reserved 1056768K
  class space    used 613K, capacity 656K, committed 768K, reserved 1048576K
}
Event: 30.875 GC heap before
{Heap before GC invocations=10 (full 2):
 PSYoungGen      total 282112K, used 248832K [0x00000000eab00000, 0x00000000fee00000, 0x0000000100000000)
  eden space 248832K, 100% used [0x00000000eab00000,0x00000000f9e00000,0x00000000f9e00000)
  from space 33280K, 0% used [0x00000000fc380000,0x00000000fc380000,0x00000000fe400000)
  to   space 38400K, 0% used [0x00000000f9e00000,0x00000000f9e00000,0x00000000fc380000)
 ParOldGen       total 180736K, used 99602K [0x00000000c0000000, 0x00000000cb080000, 0x00000000eab00000)
  object space 180736K, 55% used [0x00000000c0000000,0x00000000c61449b0,0x00000000cb080000)
 Metaspace       used 6438K, capacity 7256K, committed 7424K, reserved 1056768K
  class space    used 613K, capacity 656K, committed 768K, reserved 1048576K
Event: 31.032 GC heap after
Heap after GC invocations=10 (full 2):
 PSYoungGen      total 287232K, used 38370K [0x00000000eab00000, 0x0000000100000000, 0x0000000100000000)
  eden space 248832K, 0% used [0x00000000eab00000,0x00000000eab00000,0x00000000f9e00000)
  from space 38400K, 99% used [0x00000000f9e00000,0x00000000fc378900,0x00000000fc380000)
  to   space 61952K, 0% used [0x00000000fc380000,0x00000000fc380000,0x0000000100000000)
 ParOldGen       total 215552K, used 214104K [0x00000000c0000000, 0x00000000cd280000, 0x00000000eab00000)
  object space 215552K, 99% used [0x00000000c0000000,0x00000000cd1160a8,0x00000000cd280000)
 Metaspace       used 6438K, capacity 7256K, committed 7424K, reserved 1056768K
  class space    used 613K, capacity 656K, committed 768K, reserved 1048576K
}
Event: 31.032 GC heap before
{Heap before GC invocations=11 (full 3):
 PSYoungGen      total 287232K, used 38370K [0x00000000eab00000, 0x0000000100000000, 0x0000000100000000)
  eden space 248832K, 0% used [0x00000000eab00000,0x00000000eab00000,0x00000000f9e00000)
  from space 38400K, 99% used [0x00000000f9e00000,0x00000000fc378900,0x00000000fc380000)
  to   space 61952K, 0% used [0x00000000fc380000,0x00000000fc380000,0x0000000100000000)
 ParOldGen       total 215552K, used 214104K [0x00000000c0000000, 0x00000000cd280000, 0x00000000eab00000)
  object space 215552K, 99% used [0x00000000c0000000,0x00000000cd1160a8,0x00000000cd280000)
 Metaspace       used 6438K, capacity 7256K, committed 7424K, reserved 1056768K
  class space    used 613K, capacity 656K, committed 768K, reserved 1048576K

