# JRE version: Java(TM) SE Runtime Environment (8.0_77-b03) (build 1.8.0_77-b03)
# Java VM: Java HotSpot(TM) 64-Bit Server VM (25.77-b03 mixed mode linux-amd64 compressed oops)
Heap:
 PSYoungGen      total 285696K, used 33300K [0x00000000eab00000, 0x0000000100000000, 0x0000000100000000)
  eden space 232448K, 0% used [0x00000000eab00000,0x00000000eab00000,0x00000000f8e00000)
  from space 53248K, 62% used [0x00000000f8e00000,0x00000000fae85140,0x00000000fc200000)
  to   space 63488K, 0% used [0x00000000fc200000,0x00000000fc200000,0x0000000100000000)
 ParOldGen       total 163840K, used 163651K [0x00000000c0000000, 0x00000000ca000000, 0x00000000eab00000)
  object space 163840K, 99% used [0x00000000c0000000,0x00000000c9fd0c08,0x00000000ca000000)
 Metaspace       used 6461K, capacity 7256K, committed 7424K, reserved 1056768K
  class space    used 613K, capacity 656K, committed 768K, reserved 1048576K
GC Heap History (10 events):
Event: 5.401 GC heap after
Heap after GC invocations=6 (full 0):
 PSYoungGen      total 141312K, used 14711K [0x00000000eab00000, 0x00000000f4b00000, 0x0000000100000000)
  eden space 124928K, 0% used [0x00000000eab00000,0x00000000eab00000,0x00000000f2500000)
  from space 16384K, 89% used [0x00000000f3700000,0x00000000f455dd90,0x00000000f4700000)
  to   space 18432K, 0% used [0x00000000f2500000,0x00000000f2500000,0x00000000f3700000)
 ParOldGen       total 84992K, used 20103K [0x00000000c0000000, 0x00000000c5300000, 0x00000000eab00000)
  object space 84992K, 23% used [0x00000000c0000000,0x00000000c13a1db8,0x00000000c5300000)
 Metaspace       used 6139K, capacity 7064K, committed 7424K, reserved 1056768K
  class space    used 612K, capacity 656K, committed 768K, reserved 1048576K
}
Event: 9.120 GC heap before
{Heap before GC invocations=7 (full 0):
 PSYoungGen      total 141312K, used 139639K [0x00000000eab00000, 0x00000000f4b00000, 0x0000000100000000)
  eden space 124928K, 100% used [0x00000000eab00000,0x00000000f2500000,0x00000000f2500000)
  from space 16384K, 89% used [0x00000000f3700000,0x00000000f455dd90,0x00000000f4700000)
  to   space 18432K, 0% used [0x00000000f2500000,0x00000000f2500000,0x00000000f3700000)
 ParOldGen       total 84992K, used 20103K [0x00000000c0000000, 0x00000000c5300000, 0x00000000eab00000)
  object space 84992K, 23% used [0x00000000c0000000,0x00000000c13a1db8,0x00000000c5300000)
 Metaspace       used 6418K, capacity 7256K, committed 7424K, reserved 1056768K
  class space    used 612K, capacity 656K, committed 768K, reserved 1048576K
Event: 9.415 GC heap after
Heap after GC invocations=7 (full 0):
 PSYoungGen      total 143360K, used 18430K [0x00000000eab00000, 0x00000000fe500000, 0x0000000100000000)
  eden space 124928K, 0% used [0x00000000eab00000,0x00000000eab00000,0x00000000f2500000)
  from space 18432K, 99% used [0x00000000f2500000,0x00000000f36ffaa0,0x00000000f3700000)
  to   space 35840K, 0% used [0x00000000fc200000,0x00000000fc200000,0x00000000fe500000)
 ParOldGen       total 84992K, used 47996K [0x00000000c0000000, 0x00000000c5300000, 0x00000000eab00000)
  object space 84992K, 56% used [0x00000000c0000000,0x00000000c2edf3d8,0x00000000c5300000)
 Metaspace       used 6418K, capacity 7256K, committed 7424K, reserved 1056768K
  class space    used 612K, capacity 656K, committed 768K, reserved 1048576K
}
Event: 13.452 GC heap before
{Heap before GC invocations=8 (full 0):
 PSYoungGen      total 143360K, used 143358K [0x00000000eab00000, 0x00000000fe500000, 0x0000000100000000)
  eden space 124928K, 100% used [0x00000000eab00000,0x00000000f2500000,0x00000000f2500000)
  from space 18432K, 99% used [0x00000000f2500000,0x00000000f36ffaa0,0x00000000f3700000)
  to   space 35840K, 0% used [0x00000000fc200000,0x00000000fc200000,0x00000000fe500000)
 ParOldGen       total 84992K, used 47996K [0x00000000c0000000, 0x00000000c5300000, 0x00000000eab00000)
  object space 84992K, 56% used [0x00000000c0000000,0x00000000c2edf3d8,0x00000000c5300000)
 Metaspace       used 6449K, capacity 7256K, committed 7424K, reserved 1056768K
  class space    used 612K, capacity 656K, committed 768K, reserved 1048576K
Event: 13.982 GC heap after
Heap after GC invocations=8 (full 0):
 PSYoungGen      total 268288K, used 35830K [0x00000000eab00000, 0x0000000100000000, 0x0000000100000000)
  eden space 232448K, 0% used [0x00000000eab00000,0x00000000eab00000,0x00000000f8e00000)
  from space 35840K, 99% used [0x00000000fc200000,0x00000000fe4fda40,0x00000000fe500000)
  to   space 53248K, 0% used [0x00000000f8e00000,0x00000000f8e00000,0x00000000fc200000)
 ParOldGen       total 84992K, used 73080K [0x00000000c0000000, 0x00000000c5300000, 0x00000000eab00000)
  object space 84992K, 85% used [0x00000000c0000000,0x00000000c475e370,0x00000000c5300000)
 Metaspace       used 6449K, capacity 7256K, committed 7424K, reserved 1056768K
  class space    used 612K, capacity 656K, committed 768K, reserved 1048576K
}
Event: 13.982 GC heap before
{Heap before GC invocations=9 (full 1):
 PSYoungGen      total 268288K, used 35830K [0x00000000eab00000, 0x0000000100000000, 0x0000000100000000)
  eden space 232448K, 0% used [0x00000000eab00000,0x00000000eab00000,0x00000000f8e00000)
  from space 35840K, 99% used [0x00000000fc200000,0x00000000fe4fda40,0x00000000fe500000)
  to   space 53248K, 0% used [0x00000000f8e00000,0x00000000f8e00000,0x00000000fc200000)
 ParOldGen       total 84992K, used 73080K [0x00000000c0000000, 0x00000000c5300000, 0x00000000eab00000)
  object space 84992K, 85% used [0x00000000c0000000,0x00000000c475e370,0x00000000c5300000)
 Metaspace       used 6449K, capacity 7256K, committed 7424K, reserved 1056768K
  class space    used 612K, capacity 656K, committed 768K, reserved 1048576K
Event: 16.045 GC heap after
Heap after GC invocations=9 (full 1):
 PSYoungGen      total 268288K, used 17789K [0x00000000eab00000, 0x0000000100000000, 0x0000000100000000)
  eden space 232448K, 0% used [0x00000000eab00000,0x00000000eab00000,0x00000000f8e00000)
  from space 35840K, 49% used [0x00000000fc200000,0x00000000fd35f568,0x00000000fe500000)
  to   space 53248K, 0% used [0x00000000f8e00000,0x00000000f8e00000,0x00000000fc200000)
 ParOldGen       total 163840K, used 84765K [0x00000000c0000000, 0x00000000ca000000, 0x00000000eab00000)
  object space 163840K, 51% used [0x00000000c0000000,0x00000000c52c7690,0x00000000ca000000)
 Metaspace       used 6449K, capacity 7256K, committed 7424K, reserved 1056768K
  class space    used 612K, capacity 656K, committed 768K, reserved 1048576K
}
Event: 16.939 GC heap before
{Heap before GC invocations=10 (full 1):
 PSYoungGen      total 268288K, used 250237K [0x00000000eab00000, 0x0000000100000000, 0x0000000100000000)
  eden space 232448K, 100% used [0x00000000eab00000,0x00000000f8e00000,0x00000000f8e00000)
  from space 35840K, 49% used [0x00000000fc200000,0x00000000fd35f568,0x00000000fe500000)
  to   space 53248K, 0% used [0x00000000f8e00000,0x00000000f8e00000,0x00000000fc200000)
 ParOldGen       total 163840K, used 84765K [0x00000000c0000000, 0x00000000ca000000, 0x00000000eab00000)
  object space 163840K, 51% used [0x00000000c0000000,0x00000000c52c7690,0x00000000ca000000)
 Metaspace       used 6461K, capacity 7256K, committed 7424K, reserved 1056768K
  class space    used 613K, capacity 656K, committed 768K, reserved 1048576K
Event: 17.377 GC heap after
Heap after GC invocations=10 (full 1):
 PSYoungGen      total 285696K, used 53233K [0x00000000eab00000, 0x0000000100000000, 0x0000000100000000)
  eden space 232448K, 0% used [0x00000000eab00000,0x00000000eab00000,0x00000000f8e00000)
  from space 53248K, 99% used [0x00000000f8e00000,0x00000000fc1fc4c0,0x00000000fc200000)
  to   space 63488K, 0% used [0x00000000fc200000,0x00000000fc200000,0x0000000100000000)
 ParOldGen       total 163840K, used 153838K [0x00000000c0000000, 0x00000000ca000000, 0x00000000eab00000)
  object space 163840K, 93% used [0x00000000c0000000,0x00000000c963b9e8,0x00000000ca000000)
 Metaspace       used 6461K, capacity 7256K, committed 7424K, reserved 1056768K
  class space    used 613K, capacity 656K, committed 768K, reserved 1048576K
}
Event: 17.377 GC heap before
{Heap before GC invocations=11 (full 2):
 PSYoungGen      total 285696K, used 53233K [0x00000000eab00000, 0x0000000100000000, 0x0000000100000000)
  eden space 232448K, 0% used [0x00000000eab00000,0x00000000eab00000,0x00000000f8e00000)
  from space 53248K, 99% used [0x00000000f8e00000,0x00000000fc1fc4c0,0x00000000fc200000)
  to   space 63488K, 0% used [0x00000000fc200000,0x00000000fc200000,0x0000000100000000)
 ParOldGen       total 163840K, used 153838K [0x00000000c0000000, 0x00000000ca000000, 0x00000000eab00000)
  object space 163840K, 93% used [0x00000000c0000000,0x00000000c963b9e8,0x00000000ca000000)
 Metaspace       used 6461K, capacity 7256K, committed 7424K, reserved 1056768K
  class space    used 613K, capacity 656K, committed 768K, reserved 1048576K

