# JRE version: Java(TM) SE Runtime Environment (8.0_77-b03) (build 1.8.0_77-b03)
# Java VM: Java HotSpot(TM) 64-Bit Server VM (25.77-b03 mixed mode linux-amd64 compressed oops)
Heap:
 PSYoungGen      total 277504K, used 34802K [0x00000000eab00000, 0x0000000100000000, 0x0000000100000000)
  eden space 209920K, 0% used [0x00000000eab00000,0x00000000eab00000,0x00000000f7800000)
  from space 67584K, 51% used [0x00000000f7800000,0x00000000f99fcb48,0x00000000fba00000)
  to   space 71680K, 0% used [0x00000000fba00000,0x00000000fba00000,0x0000000100000000)
 ParOldGen       total 170496K, used 170312K [0x00000000c0000000, 0x00000000ca680000, 0x00000000eab00000)
  object space 170496K, 99% used [0x00000000c0000000,0x00000000ca6522f8,0x00000000ca680000)
 Metaspace       used 6374K, capacity 7192K, committed 7424K, reserved 1056768K
  class space    used 614K, capacity 656K, committed 768K, reserved 1048576K
GC Heap History (10 events):
Event: 7.052 GC heap after
Heap after GC invocations=6 (full 0):
 PSYoungGen      total 141312K, used 14759K [0x00000000eab00000, 0x00000000f4b00000, 0x0000000100000000)
  eden space 124928K, 0% used [0x00000000eab00000,0x00000000eab00000,0x00000000f2500000)
  from space 16384K, 90% used [0x00000000f3700000,0x00000000f4569d88,0x00000000f4700000)
  to   space 18432K, 0% used [0x00000000f2500000,0x00000000f2500000,0x00000000f3700000)
 ParOldGen       total 84992K, used 20069K [0x00000000c0000000, 0x00000000c5300000, 0x00000000eab00000)
  object space 84992K, 23% used [0x00000000c0000000,0x00000000c1399630,0x00000000c5300000)
 Metaspace       used 6177K, capacity 7064K, committed 7424K, reserved 1056768K
  class space    used 612K, capacity 656K, committed 768K, reserved 1048576K
}
Event: 9.919 GC heap before
{Heap before GC invocations=7 (full 0):
 PSYoungGen      total 141312K, used 139687K [0x00000000eab00000, 0x00000000f4b00000, 0x0000000100000000)
  eden space 124928K, 100% used [0x00000000eab00000,0x00000000f2500000,0x00000000f2500000)
  from space 16384K, 90% used [0x00000000f3700000,0x00000000f4569d88,0x00000000f4700000)
  to   space 18432K, 0% used [0x00000000f2500000,0x00000000f2500000,0x00000000f3700000)
 ParOldGen       total 84992K, used 20069K [0x00000000c0000000, 0x00000000c5300000, 0x00000000eab00000)
  object space 84992K, 23% used [0x00000000c0000000,0x00000000c1399630,0x00000000c5300000)
 Metaspace       used 6307K, capacity 7192K, committed 7424K, reserved 1056768K
  class space    used 612K, capacity 656K, committed 768K, reserved 1048576K
Event: 10.458 GC heap after
Heap after GC invocations=7 (full 0):
 PSYoungGen      total 143360K, used 18412K [0x00000000eab00000, 0x00000000ffc00000, 0x0000000100000000)
  eden space 124928K, 0% used [0x00000000eab00000,0x00000000eab00000,0x00000000f2500000)
  from space 18432K, 99% used [0x00000000f2500000,0x00000000f36fb250,0x00000000f3700000)
  to   space 47616K, 0% used [0x00000000fcd80000,0x00000000fcd80000,0x00000000ffc00000)
 ParOldGen       total 84992K, used 71393K [0x00000000c0000000, 0x00000000c5300000, 0x00000000eab00000)
  object space 84992K, 84% used [0x00000000c0000000,0x00000000c45b87c8,0x00000000c5300000)
 Metaspace       used 6307K, capacity 7192K, committed 7424K, reserved 1056768K
  class space    used 612K, capacity 656K, committed 768K, reserved 1048576K
}
Event: 10.458 GC heap before
{Heap before GC invocations=8 (full 1):
 PSYoungGen      total 143360K, used 18412K [0x00000000eab00000, 0x00000000ffc00000, 0x0000000100000000)
  eden space 124928K, 0% used [0x00000000eab00000,0x00000000eab00000,0x00000000f2500000)
  from space 18432K, 99% used [0x00000000f2500000,0x00000000f36fb250,0x00000000f3700000)
  to   space 47616K, 0% used [0x00000000fcd80000,0x00000000fcd80000,0x00000000ffc00000)
 ParOldGen       total 84992K, used 71393K [0x00000000c0000000, 0x00000000c5300000, 0x00000000eab00000)
  object space 84992K, 84% used [0x00000000c0000000,0x00000000c45b87c8,0x00000000c5300000)
 Metaspace       used 6307K, capacity 7192K, committed 7424K, reserved 1056768K
  class space    used 612K, capacity 656K, committed 768K, reserved 1048576K
Event: 12.691 GC heap after
Heap after GC invocations=8 (full 1):
 PSYoungGen      total 143360K, used 1001K [0x00000000eab00000, 0x00000000ffc00000, 0x0000000100000000)
  eden space 124928K, 0% used [0x00000000eab00000,0x00000000eab00000,0x00000000f2500000)
  from space 18432K, 5% used [0x00000000f2500000,0x00000000f25fa600,0x00000000f3700000)
  to   space 47616K, 0% used [0x00000000fcd80000,0x00000000fcd80000,0x00000000ffc00000)
 ParOldGen       total 170496K, used 84910K [0x00000000c0000000, 0x00000000ca680000, 0x00000000eab00000)
  object space 170496K, 49% used [0x00000000c0000000,0x00000000c52eb810,0x00000000ca680000)
 Metaspace       used 6307K, capacity 7192K, committed 7424K, reserved 1056768K
  class space    used 612K, capacity 656K, committed 768K, reserved 1048576K
}
Event: 13.044 GC heap before
{Heap before GC invocations=9 (full 1):
 PSYoungGen      total 143360K, used 125929K [0x00000000eab00000, 0x00000000ffc00000, 0x0000000100000000)
  eden space 124928K, 99% used [0x00000000eab00000,0x00000000f24ffff8,0x00000000f2500000)
  from space 18432K, 5% used [0x00000000f2500000,0x00000000f25fa600,0x00000000f3700000)
  to   space 47616K, 0% used [0x00000000fcd80000,0x00000000fcd80000,0x00000000ffc00000)
 ParOldGen       total 170496K, used 84910K [0x00000000c0000000, 0x00000000ca680000, 0x00000000eab00000)
  object space 170496K, 49% used [0x00000000c0000000,0x00000000c52eb810,0x00000000ca680000)
 Metaspace       used 6313K, capacity 7192K, committed 7424K, reserved 1056768K
  class space    used 612K, capacity 656K, committed 768K, reserved 1048576K
Event: 13.408 GC heap after
Heap after GC invocations=9 (full 1):
 PSYoungGen      total 219136K, used 47597K [0x00000000eab00000, 0x00000000ffc00000, 0x0000000100000000)
  eden space 171520K, 0% used [0x00000000eab00000,0x00000000eab00000,0x00000000f5280000)
  from space 47616K, 99% used [0x00000000fcd80000,0x00000000ffbfb658,0x00000000ffc00000)
  to   space 67584K, 0% used [0x00000000f7800000,0x00000000f7800000,0x00000000fba00000)
 ParOldGen       total 170496K, used 109926K [0x00000000c0000000, 0x00000000ca680000, 0x00000000eab00000)
  object space 170496K, 64% used [0x00000000c0000000,0x00000000c6b59810,0x00000000ca680000)
 Metaspace       used 6313K, capacity 7192K, committed 7424K, reserved 1056768K
  class space    used 612K, capacity 656K, committed 768K, reserved 1048576K
}
Event: 15.133 GC heap before
{Heap before GC invocations=10 (full 1):
 PSYoungGen      total 219136K, used 219117K [0x00000000eab00000, 0x00000000ffc00000, 0x0000000100000000)
  eden space 171520K, 100% used [0x00000000eab00000,0x00000000f5280000,0x00000000f5280000)
  from space 47616K, 99% used [0x00000000fcd80000,0x00000000ffbfb658,0x00000000ffc00000)
  to   space 67584K, 0% used [0x00000000f7800000,0x00000000f7800000,0x00000000fba00000)
 ParOldGen       total 170496K, used 109926K [0x00000000c0000000, 0x00000000ca680000, 0x00000000eab00000)
  object space 170496K, 64% used [0x00000000c0000000,0x00000000c6b59810,0x00000000ca680000)
 Metaspace       used 6374K, capacity 7192K, committed 7424K, reserved 1056768K
  class space    used 614K, capacity 656K, committed 768K, reserved 1048576K
Event: 15.504 GC heap after
Heap after GC invocations=10 (full 1):
 PSYoungGen      total 277504K, used 67563K [0x00000000eab00000, 0x0000000100000000, 0x0000000100000000)
  eden space 209920K, 0% used [0x00000000eab00000,0x00000000eab00000,0x00000000f7800000)
  from space 67584K, 99% used [0x00000000f7800000,0x00000000fb9faee8,0x00000000fba00000)
  to   space 71680K, 0% used [0x00000000fba00000,0x00000000fba00000,0x0000000100000000)
 ParOldGen       total 170496K, used 148445K [0x00000000c0000000, 0x00000000ca680000, 0x00000000eab00000)
  object space 170496K, 87% used [0x00000000c0000000,0x00000000c90f7728,0x00000000ca680000)
 Metaspace       used 6374K, capacity 7192K, committed 7424K, reserved 1056768K
  class space    used 614K, capacity 656K, committed 768K, reserved 1048576K
}
Event: 15.504 GC heap before
{Heap before GC invocations=11 (full 2):
 PSYoungGen      total 277504K, used 67563K [0x00000000eab00000, 0x0000000100000000, 0x0000000100000000)
  eden space 209920K, 0% used [0x00000000eab00000,0x00000000eab00000,0x00000000f7800000)
  from space 67584K, 99% used [0x00000000f7800000,0x00000000fb9faee8,0x00000000fba00000)
  to   space 71680K, 0% used [0x00000000fba00000,0x00000000fba00000,0x0000000100000000)
 ParOldGen       total 170496K, used 148445K [0x00000000c0000000, 0x00000000ca680000, 0x00000000eab00000)
  object space 170496K, 87% used [0x00000000c0000000,0x00000000c90f7728,0x00000000ca680000)
 Metaspace       used 6374K, capacity 7192K, committed 7424K, reserved 1056768K
  class space    used 614K, capacity 656K, committed 768K, reserved 1048576K

