# JRE version: Java(TM) SE Runtime Environment (8.0_77-b03) (build 1.8.0_77-b03)
# Java VM: Java HotSpot(TM) 64-Bit Server VM (25.77-b03 mixed mode linux-amd64 compressed oops)
Heap:
 PSYoungGen      total 225792K, used 0K [0x00000000eab00000, 0x0000000100000000, 0x0000000100000000)
  eden space 116736K, 0% used [0x00000000eab00000,0x00000000eab00000,0x00000000f1d00000)
  from space 109056K, 0% used [0x00000000f9580000,0x00000000f9580000,0x0000000100000000)
  to   space 116224K, 0% used [0x00000000f1d00000,0x00000000f1d00000,0x00000000f8e80000)
 ParOldGen       total 314880K, used 220344K [0x00000000c0000000, 0x00000000d3380000, 0x00000000eab00000)
  object space 314880K, 69% used [0x00000000c0000000,0x00000000cd72e250,0x00000000d3380000)
 Metaspace       used 6451K, capacity 7256K, committed 7424K, reserved 1056768K
  class space    used 613K, capacity 656K, committed 768K, reserved 1048576K
GC Heap History (10 events):
Event: 18.555 GC heap after
Heap after GC invocations=8 (full 1):
 PSYoungGen      total 287232K, used 50157K [0x00000000eab00000, 0x0000000100000000, 0x0000000100000000)
  eden space 237056K, 0% used [0x00000000eab00000,0x00000000eab00000,0x00000000f9280000)
  from space 50176K, 99% used [0x00000000f9280000,0x00000000fc37b7a8,0x00000000fc380000)
  to   space 61952K, 0% used [0x00000000fc380000,0x00000000fc380000,0x0000000100000000)
 ParOldGen       total 167424K, used 143520K [0x00000000c0000000, 0x00000000ca380000, 0x00000000eab00000)
  object space 167424K, 85% used [0x00000000c0000000,0x00000000c8c281c8,0x00000000ca380000)
 Metaspace       used 6447K, capacity 7256K, committed 7424K, reserved 1056768K
  class space    used 613K, capacity 656K, committed 768K, reserved 1048576K
}
Event: 18.555 GC heap before
{Heap before GC invocations=9 (full 2):
 PSYoungGen      total 287232K, used 50157K [0x00000000eab00000, 0x0000000100000000, 0x0000000100000000)
  eden space 237056K, 0% used [0x00000000eab00000,0x00000000eab00000,0x00000000f9280000)
  from space 50176K, 99% used [0x00000000f9280000,0x00000000fc37b7a8,0x00000000fc380000)
  to   space 61952K, 0% used [0x00000000fc380000,0x00000000fc380000,0x0000000100000000)
 ParOldGen       total 167424K, used 143520K [0x00000000c0000000, 0x00000000ca380000, 0x00000000eab00000)
  object space 167424K, 85% used [0x00000000c0000000,0x00000000c8c281c8,0x00000000ca380000)
 Metaspace       used 6447K, capacity 7256K, committed 7424K, reserved 1056768K
  class space    used 613K, capacity 656K, committed 768K, reserved 1048576K
Event: 19.986 GC heap after
Heap after GC invocations=9 (full 2):
 PSYoungGen      total 287232K, used 16206K [0x00000000eab00000, 0x0000000100000000, 0x0000000100000000)
  eden space 237056K, 0% used [0x00000000eab00000,0x00000000eab00000,0x00000000f9280000)
  from space 50176K, 32% used [0x00000000f9280000,0x00000000fa253950,0x00000000fc380000)
  to   space 61952K, 0% used [0x00000000fc380000,0x00000000fc380000,0x0000000100000000)
 ParOldGen       total 314880K, used 166996K [0x00000000c0000000, 0x00000000d3380000, 0x00000000eab00000)
  object space 314880K, 53% used [0x00000000c0000000,0x00000000ca3153c0,0x00000000d3380000)
 Metaspace       used 6447K, capacity 7256K, committed 7424K, reserved 1056768K
  class space    used 613K, capacity 656K, committed 768K, reserved 1048576K
}
Event: 20.968 GC heap before
{Heap before GC invocations=10 (full 2):
 PSYoungGen      total 287232K, used 253262K [0x00000000eab00000, 0x0000000100000000, 0x0000000100000000)
  eden space 237056K, 100% used [0x00000000eab00000,0x00000000f9280000,0x00000000f9280000)
  from space 50176K, 32% used [0x00000000f9280000,0x00000000fa253950,0x00000000fc380000)
  to   space 61952K, 0% used [0x00000000fc380000,0x00000000fc380000,0x0000000100000000)
 ParOldGen       total 314880K, used 166996K [0x00000000c0000000, 0x00000000d3380000, 0x00000000eab00000)
  object space 314880K, 53% used [0x00000000c0000000,0x00000000ca3153c0,0x00000000d3380000)
 Metaspace       used 6447K, capacity 7256K, committed 7424K, reserved 1056768K
  class space    used 613K, capacity 656K, committed 768K, reserved 1048576K
Event: 21.758 GC heap after
Heap after GC invocations=10 (full 2):
 PSYoungGen      total 193024K, used 61951K [0x00000000eab00000, 0x0000000100000000, 0x0000000100000000)
  eden space 131072K, 0% used [0x00000000eab00000,0x00000000eab00000,0x00000000f2b00000)
  from space 61952K, 99% used [0x00000000fc380000,0x00000000fffffec0,0x0000000100000000)
  to   space 109056K, 0% used [0x00000000f2b00000,0x00000000f2b00000,0x00000000f9580000)
 ParOldGen       total 314880K, used 195811K [0x00000000c0000000, 0x00000000d3380000, 0x00000000eab00000)
  object space 314880K, 62% used [0x00000000c0000000,0x00000000cbf38c08,0x00000000d3380000)
 Metaspace       used 6447K, capacity 7256K, committed 7424K, reserved 1056768K
  class space    used 613K, capacity 656K, committed 768K, reserved 1048576K
}
Event: 25.356 GC heap before
{Heap before GC invocations=11 (full 2):
 PSYoungGen      total 193024K, used 193023K [0x00000000eab00000, 0x0000000100000000, 0x0000000100000000)
  eden space 131072K, 100% used [0x00000000eab00000,0x00000000f2b00000,0x00000000f2b00000)
  from space 61952K, 99% used [0x00000000fc380000,0x00000000fffffec0,0x0000000100000000)
  to   space 109056K, 0% used [0x00000000f2b00000,0x00000000f2b00000,0x00000000f9580000)
 ParOldGen       total 314880K, used 195811K [0x00000000c0000000, 0x00000000d3380000, 0x00000000eab00000)
  object space 314880K, 62% used [0x00000000c0000000,0x00000000cbf38c08,0x00000000d3380000)
 Metaspace       used 6451K, capacity 7256K, committed 7424K, reserved 1056768K
  class space    used 613K, capacity 656K, committed 768K, reserved 1048576K
Event: 25.644 GC heap after
Heap after GC invocations=11 (full 2):
 PSYoungGen      total 240128K, used 109041K [0x00000000eab00000, 0x0000000100000000, 0x0000000100000000)
  eden space 131072K, 0% used [0x00000000eab00000,0x00000000eab00000,0x00000000f2b00000)
  from space 109056K, 99% used [0x00000000f2b00000,0x00000000f957c780,0x00000000f9580000)
  to   space 109056K, 0% used [0x00000000f9580000,0x00000000f9580000,0x0000000100000000)
 ParOldGen       total 314880K, used 207601K [0x00000000c0000000, 0x00000000d3380000, 0x00000000eab00000)
  object space 314880K, 65% used [0x00000000c0000000,0x00000000ccabc7a0,0x00000000d3380000)
 Metaspace       used 6451K, capacity 7256K, committed 7424K, reserved 1056768K
  class space    used 613K, capacity 656K, committed 768K, reserved 1048576K
}
Event: 25.852 GC heap before
{Heap before GC invocations=12 (full 2):
 PSYoungGen      total 240128K, used 240113K [0x00000000eab00000, 0x0000000100000000, 0x0000000100000000)
  eden space 131072K, 100% used [0x00000000eab00000,0x00000000f2b00000,0x00000000f2b00000)
  from space 109056K, 99% used [0x00000000f2b00000,0x00000000f957c780,0x00000000f9580000)
  to   space 109056K, 0% used [0x00000000f9580000,0x00000000f9580000,0x0000000100000000)
 ParOldGen       total 314880K, used 207601K [0x00000000c0000000, 0x00000000d3380000, 0x00000000eab00000)
  object space 314880K, 65% used [0x00000000c0000000,0x00000000ccabc7a0,0x00000000d3380000)
 Metaspace       used 6451K, capacity 7256K, committed 7424K, reserved 1056768K
  class space    used 613K, capacity 656K, committed 768K, reserved 1048576K
Event: 26.072 GC heap after
Heap after GC invocations=12 (full 2):
 PSYoungGen      total 225792K, used 109055K [0x00000000eab00000, 0x0000000100000000, 0x0000000100000000)
  eden space 116736K, 0% used [0x00000000eab00000,0x00000000eab00000,0x00000000f1d00000)
  from space 109056K, 99% used [0x00000000f9580000,0x00000000ffffff68,0x0000000100000000)
  to   space 116224K, 0% used [0x00000000f1d00000,0x00000000f1d00000,0x00000000f8e80000)
 ParOldGen       total 314880K, used 284612K [0x00000000c0000000, 0x00000000d3380000, 0x00000000eab00000)
  object space 314880K, 90% used [0x00000000c0000000,0x00000000d15f11a0,0x00000000d3380000)
 Metaspace       used 6451K, capacity 7256K, committed 7424K, reserved 1056768K
  class space    used 613K, capacity 656K, committed 768K, reserved 1048576K
}
Event: 26.143 GC heap before
{Heap before GC invocations=13 (full 3):
 PSYoungGen      total 225792K, used 109055K [0x00000000eab00000, 0x0000000100000000, 0x0000000100000000)
  eden space 116736K, 0% used [0x00000000eab00000,0x00000000eab00000,0x00000000f1d00000)
  from space 109056K, 99% used [0x00000000f9580000,0x00000000ffffff68,0x0000000100000000)
  to   space 116224K, 0% used [0x00000000f1d00000,0x00000000f1d00000,0x00000000f8e80000)
 ParOldGen       total 314880K, used 284612K [0x00000000c0000000, 0x00000000d3380000, 0x00000000eab00000)
  object space 314880K, 90% used [0x00000000c0000000,0x00000000d15f11a0,0x00000000d3380000)
 Metaspace       used 6451K, capacity 7256K, committed 7424K, reserved 1056768K
  class space    used 613K, capacity 656K, committed 768K, reserved 1048576K

