# JRE version: Java(TM) SE Runtime Environment (8.0_77-b03) (build 1.8.0_77-b03)
# Java VM: Java HotSpot(TM) 64-Bit Server VM (25.77-b03 mixed mode linux-amd64 compressed oops)
Heap:
 PSYoungGen      total 183296K, used 0K [0x00000000eab00000, 0x0000000100000000, 0x0000000100000000)
  eden space 116736K, 0% used [0x00000000eab00000,0x00000000eab00000,0x00000000f1d00000)
  from space 66560K, 0% used [0x00000000fbf00000,0x00000000fbf00000,0x0000000100000000)
  to   space 116224K, 0% used [0x00000000f1d00000,0x00000000f1d00000,0x00000000f8e80000)
 ParOldGen       total 198144K, used 172677K [0x00000000c0000000, 0x00000000cc180000, 0x00000000eab00000)
  object space 198144K, 87% used [0x00000000c0000000,0x00000000ca8a1690,0x00000000cc180000)
 Metaspace       used 6355K, capacity 7192K, committed 7424K, reserved 1056768K
  class space    used 613K, capacity 656K, committed 768K, reserved 1048576K
GC Heap History (10 events):
Event: 11.144 GC heap after
Heap after GC invocations=5 (full 0):
 PSYoungGen      total 132096K, used 5091K [0x00000000eab00000, 0x0000000100000000, 0x0000000100000000)
  eden space 126976K, 0% used [0x00000000eab00000,0x00000000eab00000,0x00000000f2700000)
  from space 5120K, 99% used [0x00000000f2700000,0x00000000f2bf8ed0,0x00000000f2c00000)
  to   space 51200K, 0% used [0x00000000fce00000,0x00000000fce00000,0x0000000100000000)
 ParOldGen       total 84992K, used 74201K [0x00000000c0000000, 0x00000000c5300000, 0x00000000eab00000)
  object space 84992K, 87% used [0x00000000c0000000,0x00000000c4876698,0x00000000c5300000)
 Metaspace       used 6142K, capacity 7064K, committed 7424K, reserved 1056768K
  class space    used 612K, capacity 656K, committed 768K, reserved 1048576K
}
Event: 11.144 GC heap before
{Heap before GC invocations=6 (full 1):
 PSYoungGen      total 132096K, used 5091K [0x00000000eab00000, 0x0000000100000000, 0x0000000100000000)
  eden space 126976K, 0% used [0x00000000eab00000,0x00000000eab00000,0x00000000f2700000)
  from space 5120K, 99% used [0x00000000f2700000,0x00000000f2bf8ed0,0x00000000f2c00000)
  to   space 51200K, 0% used [0x00000000fce00000,0x00000000fce00000,0x0000000100000000)
 ParOldGen       total 84992K, used 74201K [0x00000000c0000000, 0x00000000c5300000, 0x00000000eab00000)
  object space 84992K, 87% used [0x00000000c0000000,0x00000000c4876698,0x00000000c5300000)
 Metaspace       used 6142K, capacity 7064K, committed 7424K, reserved 1056768K
  class space    used 612K, capacity 656K, committed 768K, reserved 1048576K
Event: 13.704 GC heap after
Heap after GC invocations=6 (full 1):
 PSYoungGen      total 132096K, used 0K [0x00000000eab00000, 0x0000000100000000, 0x0000000100000000)
  eden space 126976K, 0% used [0x00000000eab00000,0x00000000eab00000,0x00000000f2700000)
  from space 5120K, 0% used [0x00000000f2700000,0x00000000f2700000,0x00000000f2c00000)
  to   space 51200K, 0% used [0x00000000fce00000,0x00000000fce00000,0x0000000100000000)
 ParOldGen       total 178688K, used 76205K [0x00000000c0000000, 0x00000000cae80000, 0x00000000eab00000)
  object space 178688K, 42% used [0x00000000c0000000,0x00000000c4a6b7f8,0x00000000cae80000)
 Metaspace       used 6142K, capacity 7064K, committed 7424K, reserved 1056768K
  class space    used 612K, capacity 656K, committed 768K, reserved 1048576K
}
Event: 14.995 GC heap before
{Heap before GC invocations=7 (full 1):
 PSYoungGen      total 132096K, used 126976K [0x00000000eab00000, 0x0000000100000000, 0x0000000100000000)
  eden space 126976K, 100% used [0x00000000eab00000,0x00000000f2700000,0x00000000f2700000)
  from space 5120K, 0% used [0x00000000f2700000,0x00000000f2700000,0x00000000f2c00000)
  to   space 51200K, 0% used [0x00000000fce00000,0x00000000fce00000,0x0000000100000000)
 ParOldGen       total 178688K, used 76205K [0x00000000c0000000, 0x00000000cae80000, 0x00000000eab00000)
  object space 178688K, 42% used [0x00000000c0000000,0x00000000c4a6b7f8,0x00000000cae80000)
 Metaspace       used 6156K, capacity 7064K, committed 7424K, reserved 1056768K
  class space    used 613K, capacity 656K, committed 768K, reserved 1048576K
Event: 15.220 GC heap after
Heap after GC invocations=7 (full 1):
 PSYoungGen      total 197120K, used 43692K [0x00000000eab00000, 0x00000000ff900000, 0x0000000100000000)
  eden space 153088K, 0% used [0x00000000eab00000,0x00000000eab00000,0x00000000f4080000)
  from space 44032K, 99% used [0x00000000fce00000,0x00000000ff8ab018,0x00000000ff900000)
  to   space 59392K, 0% used [0x00000000f8500000,0x00000000f8500000,0x00000000fbf00000)
 ParOldGen       total 178688K, used 76205K [0x00000000c0000000, 0x00000000cae80000, 0x00000000eab00000)
  object space 178688K, 42% used [0x00000000c0000000,0x00000000c4a6b7f8,0x00000000cae80000)
 Metaspace       used 6156K, capacity 7064K, committed 7424K, reserved 1056768K
  class space    used 613K, capacity 656K, committed 768K, reserved 1048576K
}
Event: 18.486 GC heap before
{Heap before GC invocations=8 (full 1):
 PSYoungGen      total 197120K, used 196780K [0x00000000eab00000, 0x00000000ff900000, 0x0000000100000000)
  eden space 153088K, 100% used [0x00000000eab00000,0x00000000f4080000,0x00000000f4080000)
  from space 44032K, 99% used [0x00000000fce00000,0x00000000ff8ab018,0x00000000ff900000)
  to   space 59392K, 0% used [0x00000000f8500000,0x00000000f8500000,0x00000000fbf00000)
 ParOldGen       total 178688K, used 76205K [0x00000000c0000000, 0x00000000cae80000, 0x00000000eab00000)
  object space 178688K, 42% used [0x00000000c0000000,0x00000000c4a6b7f8,0x00000000cae80000)
 Metaspace       used 6323K, capacity 7192K, committed 7424K, reserved 1056768K
  class space    used 613K, capacity 656K, committed 768K, reserved 1048576K
Event: 18.978 GC heap after
Heap after GC invocations=8 (full 1):
 PSYoungGen      total 253952K, used 59387K [0x00000000eab00000, 0x0000000100000000, 0x0000000100000000)
  eden space 194560K, 0% used [0x00000000eab00000,0x00000000eab00000,0x00000000f6900000)
  from space 59392K, 99% used [0x00000000f8500000,0x00000000fbefedf8,0x00000000fbf00000)
  to   space 66560K, 0% used [0x00000000fbf00000,0x00000000fbf00000,0x0000000100000000)
 ParOldGen       total 178688K, used 103920K [0x00000000c0000000, 0x00000000cae80000, 0x00000000eab00000)
  object space 178688K, 58% used [0x00000000c0000000,0x00000000c657c1c8,0x00000000cae80000)
 Metaspace       used 6323K, capacity 7192K, committed 7424K, reserved 1056768K
  class space    used 613K, capacity 656K, committed 768K, reserved 1048576K
}
Event: 19.881 GC heap before
{Heap before GC invocations=9 (full 1):
 PSYoungGen      total 253952K, used 253947K [0x00000000eab00000, 0x0000000100000000, 0x0000000100000000)
  eden space 194560K, 100% used [0x00000000eab00000,0x00000000f6900000,0x00000000f6900000)
  from space 59392K, 99% used [0x00000000f8500000,0x00000000fbefedf8,0x00000000fbf00000)
  to   space 66560K, 0% used [0x00000000fbf00000,0x00000000fbf00000,0x0000000100000000)
 ParOldGen       total 178688K, used 103920K [0x00000000c0000000, 0x00000000cae80000, 0x00000000eab00000)
  object space 178688K, 58% used [0x00000000c0000000,0x00000000c657c1c8,0x00000000cae80000)
 Metaspace       used 6355K, capacity 7192K, committed 7424K, reserved 1056768K
  class space    used 613K, capacity 656K, committed 768K, reserved 1048576K
Event: 20.801 GC heap after
Heap after GC invocations=9 (full 1):
 PSYoungGen      total 183296K, used 66552K [0x00000000eab00000, 0x0000000100000000, 0x0000000100000000)
  eden space 116736K, 0% used [0x00000000eab00000,0x00000000eab00000,0x00000000f1d00000)
  from space 66560K, 99% used [0x00000000fbf00000,0x00000000ffffe290,0x0000000100000000)
  to   space 116224K, 0% used [0x00000000f1d00000,0x00000000f1d00000,0x00000000f8e80000)
 ParOldGen       total 198144K, used 196817K [0x00000000c0000000, 0x00000000cc180000, 0x00000000eab00000)
  object space 198144K, 99% used [0x00000000c0000000,0x00000000cc034638,0x00000000cc180000)
 Metaspace       used 6355K, capacity 7192K, committed 7424K, reserved 1056768K
  class space    used 613K, capacity 656K, committed 768K, reserved 1048576K
}
Event: 20.921 GC heap before
{Heap before GC invocations=10 (full 2):
 PSYoungGen      total 183296K, used 66552K [0x00000000eab00000, 0x0000000100000000, 0x0000000100000000)
  eden space 116736K, 0% used [0x00000000eab00000,0x00000000eab00000,0x00000000f1d00000)
  from space 66560K, 99% used [0x00000000fbf00000,0x00000000ffffe290,0x0000000100000000)
  to   space 116224K, 0% used [0x00000000f1d00000,0x00000000f1d00000,0x00000000f8e80000)
 ParOldGen       total 198144K, used 196817K [0x00000000c0000000, 0x00000000cc180000, 0x00000000eab00000)
  object space 198144K, 99% used [0x00000000c0000000,0x00000000cc034638,0x00000000cc180000)
 Metaspace       used 6355K, capacity 7192K, committed 7424K, reserved 1056768K
  class space    used 613K, capacity 656K, committed 768K, reserved 1048576K

