# JRE version: Java(TM) SE Runtime Environment (8.0_77-b03) (build 1.8.0_77-b03)
# Java VM: Java HotSpot(TM) 64-Bit Server VM (25.77-b03 mixed mode linux-amd64 compressed oops)
Heap:
 PSYoungGen      total 276480K, used 48334K [0x00000000eab00000, 0x0000000100000000, 0x0000000100000000)
  eden space 209920K, 0% used [0x00000000eab00000,0x00000000eab00000,0x00000000f7800000)
  from space 66560K, 72% used [0x00000000f7800000,0x00000000fa733be8,0x00000000fb900000)
  to   space 72704K, 0% used [0x00000000fb900000,0x00000000fb900000,0x0000000100000000)
 ParOldGen       total 161280K, used 161166K [0x00000000c0000000, 0x00000000c9d80000, 0x00000000eab00000)
  object space 161280K, 99% used [0x00000000c0000000,0x00000000c9d63b88,0x00000000c9d80000)
 Metaspace       used 6152K, capacity 7064K, committed 7424K, reserved 1056768K
  class space    used 613K, capacity 656K, committed 768K, reserved 1048576K
GC Heap History (10 events):
Event: 5.001 GC heap after
Heap after GC invocations=4 (full 0):
 PSYoungGen      total 132096K, used 5088K [0x00000000eab00000, 0x00000000f3100000, 0x0000000100000000)
  eden space 126976K, 0% used [0x00000000eab00000,0x00000000eab00000,0x00000000f2700000)
  from space 5120K, 99% used [0x00000000f2c00000,0x00000000f30f8018,0x00000000f3100000)
  to   space 5120K, 0% used [0x00000000f2700000,0x00000000f2700000,0x00000000f2c00000)
 ParOldGen       total 84992K, used 19543K [0x00000000c0000000, 0x00000000c5300000, 0x00000000eab00000)
  object space 84992K, 22% used [0x00000000c0000000,0x00000000c1315e00,0x00000000c5300000)
 Metaspace       used 5973K, capacity 6936K, committed 7168K, reserved 1056768K
  class space    used 612K, capacity 656K, committed 768K, reserved 1048576K
}
Event: 11.266 GC heap before
{Heap before GC invocations=5 (full 0):
 PSYoungGen      total 132096K, used 132064K [0x00000000eab00000, 0x00000000f3100000, 0x0000000100000000)
  eden space 126976K, 100% used [0x00000000eab00000,0x00000000f2700000,0x00000000f2700000)
  from space 5120K, 99% used [0x00000000f2c00000,0x00000000f30f8018,0x00000000f3100000)
  to   space 5120K, 0% used [0x00000000f2700000,0x00000000f2700000,0x00000000f2c00000)
 ParOldGen       total 84992K, used 19543K [0x00000000c0000000, 0x00000000c5300000, 0x00000000eab00000)
  object space 84992K, 22% used [0x00000000c0000000,0x00000000c1315e00,0x00000000c5300000)
 Metaspace       used 6134K, capacity 7064K, committed 7424K, reserved 1056768K
  class space    used 612K, capacity 656K, committed 768K, reserved 1048576K
Event: 11.718 GC heap after
Heap after GC invocations=5 (full 0):
 PSYoungGen      total 132096K, used 5101K [0x00000000eab00000, 0x00000000ffa00000, 0x0000000100000000)
  eden space 126976K, 0% used [0x00000000eab00000,0x00000000eab00000,0x00000000f2700000)
  from space 5120K, 99% used [0x00000000f2700000,0x00000000f2bfb700,0x00000000f2c00000)
  to   space 44544K, 0% used [0x00000000fce80000,0x00000000fce80000,0x00000000ffa00000)
 ParOldGen       total 84992K, used 64449K [0x00000000c0000000, 0x00000000c5300000, 0x00000000eab00000)
  object space 84992K, 75% used [0x00000000c0000000,0x00000000c3ef0408,0x00000000c5300000)
 Metaspace       used 6134K, capacity 7064K, committed 7424K, reserved 1056768K
  class space    used 612K, capacity 656K, committed 768K, reserved 1048576K
}
Event: 11.718 GC heap before
{Heap before GC invocations=6 (full 1):
 PSYoungGen      total 132096K, used 5101K [0x00000000eab00000, 0x00000000ffa00000, 0x0000000100000000)
  eden space 126976K, 0% used [0x00000000eab00000,0x00000000eab00000,0x00000000f2700000)
  from space 5120K, 99% used [0x00000000f2700000,0x00000000f2bfb700,0x00000000f2c00000)
  to   space 44544K, 0% used [0x00000000fce80000,0x00000000fce80000,0x00000000ffa00000)
 ParOldGen       total 84992K, used 64449K [0x00000000c0000000, 0x00000000c5300000, 0x00000000eab00000)
  object space 84992K, 75% used [0x00000000c0000000,0x00000000c3ef0408,0x00000000c5300000)
 Metaspace       used 6134K, capacity 7064K, committed 7424K, reserved 1056768K
  class space    used 612K, capacity 656K, committed 768K, reserved 1048576K
Event: 13.967 GC heap after
Heap after GC invocations=6 (full 1):
 PSYoungGen      total 132096K, used 0K [0x00000000eab00000, 0x00000000ffa00000, 0x0000000100000000)
  eden space 126976K, 0% used [0x00000000eab00000,0x00000000eab00000,0x00000000f2700000)
  from space 5120K, 0% used [0x00000000f2700000,0x00000000f2700000,0x00000000f2c00000)
  to   space 44544K, 0% used [0x00000000fce80000,0x00000000fce80000,0x00000000ffa00000)
 ParOldGen       total 161280K, used 67389K [0x00000000c0000000, 0x00000000c9d80000, 0x00000000eab00000)
  object space 161280K, 41% used [0x00000000c0000000,0x00000000c41cf598,0x00000000c9d80000)
 Metaspace       used 6134K, capacity 7064K, committed 7424K, reserved 1056768K
  class space    used 612K, capacity 656K, committed 768K, reserved 1048576K
}
Event: 14.951 GC heap before
{Heap before GC invocations=7 (full 1):
 PSYoungGen      total 132096K, used 126976K [0x00000000eab00000, 0x00000000ffa00000, 0x0000000100000000)
  eden space 126976K, 100% used [0x00000000eab00000,0x00000000f2700000,0x00000000f2700000)
  from space 5120K, 0% used [0x00000000f2700000,0x00000000f2700000,0x00000000f2c00000)
  to   space 44544K, 0% used [0x00000000fce80000,0x00000000fce80000,0x00000000ffa00000)
 ParOldGen       total 161280K, used 67389K [0x00000000c0000000, 0x00000000c9d80000, 0x00000000eab00000)
  object space 161280K, 41% used [0x00000000c0000000,0x00000000c41cf598,0x00000000c9d80000)
 Metaspace       used 6151K, capacity 7064K, committed 7424K, reserved 1056768K
  class space    used 613K, capacity 656K, committed 768K, reserved 1048576K
Event: 15.088 GC heap after
Heap after GC invocations=7 (full 1):
 PSYoungGen      total 203776K, used 44530K [0x00000000eab00000, 0x00000000ffa00000, 0x0000000100000000)
  eden space 159232K, 0% used [0x00000000eab00000,0x00000000eab00000,0x00000000f4680000)
  from space 44544K, 99% used [0x00000000fce80000,0x00000000ff9fc938,0x00000000ffa00000)
  to   space 66560K, 0% used [0x00000000f7800000,0x00000000f7800000,0x00000000fb900000)
 ParOldGen       total 161280K, used 87085K [0x00000000c0000000, 0x00000000c9d80000, 0x00000000eab00000)
  object space 161280K, 53% used [0x00000000c0000000,0x00000000c550b598,0x00000000c9d80000)
 Metaspace       used 6151K, capacity 7064K, committed 7424K, reserved 1056768K
  class space    used 613K, capacity 656K, committed 768K, reserved 1048576K
}
Event: 15.615 GC heap before
{Heap before GC invocations=8 (full 1):
 PSYoungGen      total 203776K, used 203762K [0x00000000eab00000, 0x00000000ffa00000, 0x0000000100000000)
  eden space 159232K, 100% used [0x00000000eab00000,0x00000000f4680000,0x00000000f4680000)
  from space 44544K, 99% used [0x00000000fce80000,0x00000000ff9fc938,0x00000000ffa00000)
  to   space 66560K, 0% used [0x00000000f7800000,0x00000000f7800000,0x00000000fb900000)
 ParOldGen       total 161280K, used 87085K [0x00000000c0000000, 0x00000000c9d80000, 0x00000000eab00000)
  object space 161280K, 53% used [0x00000000c0000000,0x00000000c550b598,0x00000000c9d80000)
 Metaspace       used 6152K, capacity 7064K, committed 7424K, reserved 1056768K
  class space    used 613K, capacity 656K, committed 768K, reserved 1048576K
Event: 16.093 GC heap after
Heap after GC invocations=8 (full 1):
 PSYoungGen      total 276480K, used 66540K [0x00000000eab00000, 0x0000000100000000, 0x0000000100000000)
  eden space 209920K, 0% used [0x00000000eab00000,0x00000000eab00000,0x00000000f7800000)
  from space 66560K, 99% used [0x00000000f7800000,0x00000000fb8fb2a8,0x00000000fb900000)
  to   space 72704K, 0% used [0x00000000fb900000,0x00000000fb900000,0x0000000100000000)
 ParOldGen       total 161280K, used 156915K [0x00000000c0000000, 0x00000000c9d80000, 0x00000000eab00000)
  object space 161280K, 97% used [0x00000000c0000000,0x00000000c993ccc0,0x00000000c9d80000)
 Metaspace       used 6152K, capacity 7064K, committed 7424K, reserved 1056768K
  class space    used 613K, capacity 656K, committed 768K, reserved 1048576K
}
Event: 16.093 GC heap before
{Heap before GC invocations=9 (full 2):
 PSYoungGen      total 276480K, used 66540K [0x00000000eab00000, 0x0000000100000000, 0x0000000100000000)
  eden space 209920K, 0% used [0x00000000eab00000,0x00000000eab00000,0x00000000f7800000)
  from space 66560K, 99% used [0x00000000f7800000,0x00000000fb8fb2a8,0x00000000fb900000)
  to   space 72704K, 0% used [0x00000000fb900000,0x00000000fb900000,0x0000000100000000)
 ParOldGen       total 161280K, used 156915K [0x00000000c0000000, 0x00000000c9d80000, 0x00000000eab00000)
  object space 161280K, 97% used [0x00000000c0000000,0x00000000c993ccc0,0x00000000c9d80000)
 Metaspace       used 6152K, capacity 7064K, committed 7424K, reserved 1056768K
  class space    used 613K, capacity 656K, committed 768K, reserved 1048576K

